44.32.192.78
104.28.9.66/31
104.28.9.68
131.125.103.103
136.23.3.228
136.23.11.196
140.248.56.53
140.248.57.53
140.248.58.53
140.248.59.53
140.248.60.53
140.248.61.53
140.248.62.53
140.248.63.53
150.48.183.38/31
157.5.115.54
162.120.204.51
162.120.216.147
2001:470:19:101::/64
2001:470:19:63d::/64
2001:470:19:793::/64
2001:470:19:109b::/64
2001:470:36:1eb::/64
2001:470:6d:7c8::/64
2001:470:1f2d:3b1::/64
2001:470:284f::/48
2001:470:4818::/48
2001:470:7195::/48
2001:470:8035:100::/56
2001:470:8035:200::/55
2001:470:8035:400::/54
2001:470:8035:800::/53
2001:470:8035:1000::/52
2001:470:8035:2000::/51
2001:470:8035:4000::/50
2001:470:8035:8000::/49
2001:470:8083::/48
2001:470:887c::/48
2001:470:b805::/48
2001:470:c3a5::/48
2001:470:ebc9::/48
2001:470:ecc4::/48
2001:470:ed04::/48
2001:470:ef91::/48
2001:470:f2bb::/48
2001:470:f56c::/48
2001:470:f5a6::/48
2001:470:f835::/48
2001:470:fa3a::/48
2001:470:fb6a::/48
2001:470:fcbe::/48
2001:470:fdd1::/48
2001:470:fe69::/48
2001:4b28:b200::/40
2401:b60:12e0::/44
2401:f1e0:ffff:411f::/64
2600:70ff:c02f::/48
2600:70ff:c101::/48
2600:70ff:c1f5::/48
2606:40:6cc::/46
2606:40:6d0::/45
2606:40:6d8::/46
2606:40:1030::/44
2606:40:217e:6000::/54
2606:40:230a:6000::/54
2607:8940:28aa::/47
2607:8940:28ae::/47
2607:8940:41a3:3500::/56
2607:8940:41a3:3600::/56
2607:8940:41d1:6600::/55
2a03:b600:0:fdd::/64
2a03:b600:0:fde::/63
2a03:b600:0:fe0::/61
2a03:b600:0:fe8::/62
2a04:1d41:b200::/40
2a04:1d42:b200::/40
2a04:1d43:b200::/40
2a04:1d44:b200::/40
2a04:1d45:b200::/40
2a04:1d46:b200::/40
2a04:1d47:b200::/40
2a04:4e41:4013:5000::/52
2a04:4e41:4023:5000::/52
2a04:4e41:4033:5000::/52
2a04:4e41:4043:5000::/52
2a04:4e41:4053:5000::/52
2a04:4e41:4063:5000::/52
2a04:4e41:4073:5000::/52
2a04:4e41:4083:5000::/52
2a06:9f81:3934::/48
2a06:9f81:43bf:183a::/63
2a06:9f81:43bf:183c::/63
2a06:9f81:43ef:3500::/56
2a06:9f81:5634::/48
2a07:d887:3500::/40
2a09:4c0:0:36::/64
2a09:54c7:2e37::/48
2a09:bac4:1a8::/45
2a09:bac4:11a8::/45
2a0a:6044:7736::/48
2a0a:6044:f1ab::/48
2a0a:6044:f1ac::/46
2a0a:6044:f1b0::/47
2a0c:9a40:95b2:d000::/52
2a0c:9a46:336::/48
2a0d:9443:a800::/37
2a0e:b107:2388::/45
2a0f:7803:fecb::/48
2a0f:7803:fedf::/48
2a0f:85c1:d6e:1::/64
2a0f:85c1:d6e:2::/63
2a0f:85c1:d6e:4::/62
2a0f:85c1:d6e:8::/61
2a0f:85c1:d6e:10::/60
2a0f:85c1:d6e:20::/59
2a0f:85c1:d6e:40::/58
2a0f:85c1:d6e:80::/57
2a0f:85c1:d6e:100::/56
2a0f:85c1:d6e:200::/55
2a0f:85c1:d6e:400::/54
2a0f:85c1:d6e:800::/53
2a0f:85c1:d6e:1000::/52
2a0f:85c1:d6e:2000::/51
2a0f:85c1:d6e:4000::/50
2a0f:85c1:d6e:8000::/49
2a0f:9400:616e::/48
2a10:ccc1:400::/43
2a10:ccc1:420::/48
2a10:ccc1:422::/47
2a10:ccc1:424::/46
2a10:ccc1:428::/46
2a10:ccc1:42c::/47
2a10:ccc1:42f::/48
2a10:ccc1:430::/46
2a10:ccc1:434::/47
2a10:ccc1:437::/48
2a10:ccc1:438::/47
2a10:ccc1:43b::/48
2a10:ccc1:43c::/48
2a10:ccc1:43e::/47
2a10:ccc1:440::/42
2a10:ccc1:480::/45
2a10:ccc1:488::/46
2a10:ccc1:48d::/48
2a10:ccc1:48e::/47
2a10:ccc1:490::/44
2a10:ccc1:4a0::/48
2a10:ccc1:4a2::/47
2a10:ccc1:4a4::/46
2a10:ccc1:4a9::/48
2a10:ccc1:4aa::/47
2a10:ccc1:4ac::/46
2a10:ccc1:4b0::/44
2a10:ccc1:4c0::/45
2a10:ccc1:4c8::/47
2a10:ccc1:4ca::/48
2a10:ccc1:4cc::/46
2a10:ccc1:4d0::/44
2a10:ccc1:4e0::/43
2a10:ccc1:500::/46
2a10:ccc1:504::/48
2a10:ccc1:506::/47
2a10:ccc1:508::/45
2a10:ccc1:510::/47
2a10:ccc1:512::/48
2a10:ccc1:513::/48
2a10:ccc1:514::/46
2a10:ccc1:518::/45
2a10:ccc1:520::/45
2a10:ccc1:528::/47
2a10:ccc1:52a::/48
2a10:ccc1:52c::/46
2a10:ccc1:530::/44
2a10:ccc1:540::/45
2a10:ccc1:548::/48
2a10:ccc1:54a::/47
2a10:ccc1:54c::/46
2a10:ccc1:550::/44
2a10:ccc1:560::/44
2a10:ccc1:570::/45
2a10:ccc1:579::/48
2a10:ccc1:57a::/47
2a10:ccc1:57c::/47
2a10:ccc1:57e::/48
2a10:ccc1:580::/45
2a10:ccc1:588::/46
2a10:ccc1:58c::/47
2a10:ccc1:58e::/48
2a10:ccc1:590::/46
2a10:ccc1:594::/48
2a10:ccc1:596::/47
2a10:ccc1:598::/45
2a10:ccc1:5a0::/46
2a10:ccc1:5a5::/48
2a10:ccc1:5a6::/47
2a10:ccc1:5a9::/48
2a10:ccc1:5aa::/47
2a10:ccc1:5ac::/46
2a10:ccc1:5b0::/47
2a10:ccc1:5b3::/48
2a10:ccc1:5b4::/46
2a10:ccc1:5b8::/48
2a10:ccc1:5ba::/47
2a10:ccc1:5bc::/46
2a10:ccc1:5c0::/44
2a10:ccc1:5d0::/46
2a10:ccc1:5d5::/48
2a10:ccc1:5d6::/47
2a10:ccc1:5d8::/45
2a10:ccc1:5e0::/43
2a10:ccc1:600::/47
2a10:ccc1:602::/48
2a10:ccc1:604::/47
2a10:ccc1:607::/48
2a10:ccc1:608::/45
2a10:ccc1:610::/45
2a10:ccc1:619::/48
2a10:ccc1:61a::/47
2a10:ccc1:61c::/46
2a10:ccc1:620::/43
2a10:ccc1:640::/44
2a10:ccc1:650::/45
2a10:ccc1:658::/46
2a10:ccc1:65c::/48
2a10:ccc1:65e::/47
2a10:ccc1:660::/45
2a10:ccc1:668::/47
2a10:ccc1:66a::/48
2a10:ccc1:66c::/46
2a10:ccc1:670::/44
2a10:ccc1:680::/43
2a10:ccc1:6a0::/45
2a10:ccc1:6a9::/48
2a10:ccc1:6aa::/47
2a10:ccc1:6ac::/46
2a10:ccc1:6b0::/45
2a10:ccc1:6b8::/46
2a10:ccc1:6bc::/48
2a10:ccc1:6be::/47
2a10:ccc1:6c0::/45
2a10:ccc1:6c8::/47
2a10:ccc1:6ca::/48
2a10:ccc1:6cc::/46
2a10:ccc1:6d0::/44
2a10:ccc1:6e0::/43
2a10:ccc1:700::/42
2a10:ccc1:740::/44
2a10:ccc1:750::/45
2a10:ccc1:758::/46
2a10:ccc1:75c::/48
2a10:ccc1:75e::/47
2a10:ccc1:760::/45
2a10:ccc1:768::/46
2a10:ccc1:76d::/48
2a10:ccc1:76e::/47
2a10:ccc1:770::/44
2a10:ccc1:780::/42
2a10:ccc1:7c0::/43
2a10:ccc1:7e0::/44
2a10:ccc1:7f0::/47
2a10:ccc1:7f2::/48
2a10:ccc1:7f4::/46
2a10:ccc1:7f8::/45
2a11:a682:5000::/36
2a12:bec4:12a6:5bcd::/64
2a12:bec4:12a6:5bce::/63
2a12:bec4:12a6:5bd0::/60
2a12:bec4:12a6:5be0::/60
2a12:bec4:12a6:5bf0::/63
2a12:bec4:12a6:5bf2::/64
2a12:bec4:12a8:3c00::/56
2a12:f381:b200::/40
2a12:f382:b200::/40
2a13:82c4:ff08::/48
2a13:a5c3:d424::/46
2a13:a5c7:2536::/48
2a13:a5c7:25ff:3500::/56
2a13:b487:5027::/48
2a14:1c3:a000::/37
2a14:67c1:3d::/48
2a14:67c1:a129::/48
2a14:67c1:b561::/49
2a14:67c1:b561:8000::/51
2a14:67c1:b561:a000::/52
2a14:67c1:b561:b000::/53
2a14:67c1:b561:b800::/55
2a14:67c1:b561:ba00::/56
2a14:67c1:b561:bb00::/57
2a14:67c1:b561:bb80::/59
2a14:67c1:b561:bba0::/60
2a14:67c1:b561:bbb0::/61
2a14:67c1:b561:bbb8::/63
2a14:67c1:b561:bbba::/64
2a14:67c1:b561:bbbc::/62
2a14:67c1:b561:bbc0::/58
2a14:67c1:b561:bc00::/54
2a14:67c1:b561:c000::/50
2a14:67c1:b634::/48
2a14:7581:b10:2e00::/56
2a14:7581:b11:2e00::/56
2a14:7581:b13:2e00::/56
2a14:7581:b16:2e00::/56
2a14:7581:b17:2e00::/56
2a14:7581:3b35::/48
2a14:7584:eff6::/48